[02-Feb-2024 16:50:20] NOTICE: fpm is running, pid 4534
[02-Feb-2024 16:50:20] NOTICE: ready to handle connections
[02-Feb-2024 17:18:35] NOTICE: Terminating ...
[02-Feb-2024 17:18:35] NOTICE: Terminating ...
[02-Feb-2024 17:18:35] NOTICE: exiting, bye-bye!
[07-Feb-2024 16:32:47] NOTICE: fpm is running, pid 79981
[07-Feb-2024 16:32:47] NOTICE: ready to handle connections
[07-Feb-2024 19:36:31] NOTICE: Terminating ...
[07-Feb-2024 19:36:31] NOTICE: Terminating ...
[07-Feb-2024 19:36:31] NOTICE: exiting, bye-bye!
[08-Feb-2024 09:00:37] NOTICE: fpm is running, pid 1715
[08-Feb-2024 09:00:37] NOTICE: ready to handle connections
[08-Feb-2024 10:45:46] NOTICE: Terminating ...
[08-Feb-2024 10:45:46] NOTICE: Terminating ...
[08-Feb-2024 10:45:46] NOTICE: exiting, bye-bye!
[08-Feb-2024 15:37:16] NOTICE: fpm is running, pid 8469
[08-Feb-2024 15:37:16] NOTICE: ready to handle connections
[08-Feb-2024 20:12:32] NOTICE: Terminating ...
[08-Feb-2024 20:12:32] NOTICE: Terminating ...
[08-Feb-2024 20:12:32] NOTICE: exiting, bye-bye!
[12-Feb-2024 10:37:49] NOTICE: fpm is running, pid 21332
[12-Feb-2024 10:37:49] NOTICE: ready to handle connections
[12-Feb-2024 13:58:23] NOTICE: Terminating ...
[12-Feb-2024 13:58:23] NOTICE: Terminating ...
[12-Feb-2024 13:58:23] NOTICE: exiting, bye-bye!
[13-Feb-2024 11:45:25] NOTICE: fpm is running, pid 31500
[13-Feb-2024 11:45:25] NOTICE: ready to handle connections
[14-Feb-2024 00:01:46] NOTICE: Terminating ...
[14-Feb-2024 00:01:46] NOTICE: Terminating ...
[14-Feb-2024 00:01:46] NOTICE: exiting, bye-bye!
[19-Feb-2024 08:19:20] NOTICE: fpm is running, pid 2019
[19-Feb-2024 08:19:20] NOTICE: ready to handle connections
[19-Feb-2024 12:53:19] NOTICE: Terminating ...
[19-Feb-2024 12:53:19] NOTICE: Terminating ...
[19-Feb-2024 12:53:19] NOTICE: exiting, bye-bye!
[20-Feb-2024 10:51:58] NOTICE: fpm is running, pid 2881
[20-Feb-2024 10:51:58] NOTICE: ready to handle connections
[20-Feb-2024 20:12:43] NOTICE: Terminating ...
[20-Feb-2024 20:12:43] NOTICE: Terminating ...
[20-Feb-2024 20:12:43] NOTICE: exiting, bye-bye!
[21-Feb-2024 08:05:25] NOTICE: fpm is running, pid 1737
[21-Feb-2024 08:05:25] NOTICE: ready to handle connections
[21-Feb-2024 17:12:37] NOTICE: Terminating ...
[21-Feb-2024 17:12:37] NOTICE: Terminating ...
[21-Feb-2024 17:12:37] NOTICE: exiting, bye-bye!
[22-Feb-2024 08:20:29] NOTICE: fpm is running, pid 2053
[22-Feb-2024 08:20:29] NOTICE: ready to handle connections
[22-Feb-2024 14:40:58] NOTICE: Terminating ...
[22-Feb-2024 14:40:58] NOTICE: Terminating ...
[22-Feb-2024 14:40:58] NOTICE: exiting, bye-bye!
[22-Feb-2024 14:53:02] NOTICE: fpm is running, pid 5828
[22-Feb-2024 14:53:02] NOTICE: ready to handle connections
[22-Feb-2024 14:57:18] NOTICE: Terminating ...
[22-Feb-2024 14:57:18] NOTICE: Terminating ...
[22-Feb-2024 14:57:18] NOTICE: exiting, bye-bye!
[22-Feb-2024 17:00:50] NOTICE: fpm is running, pid 8288
[22-Feb-2024 17:00:50] NOTICE: ready to handle connections
[23-Feb-2024 10:43:37] NOTICE: Terminating ...
[23-Feb-2024 10:43:37] NOTICE: Terminating ...
[23-Feb-2024 10:43:37] NOTICE: exiting, bye-bye!
[23-Feb-2024 14:44:21] NOTICE: fpm is running, pid 17752
[23-Feb-2024 14:44:21] NOTICE: ready to handle connections
[23-Feb-2024 16:37:31] NOTICE: Terminating ...
[23-Feb-2024 16:37:31] NOTICE: Terminating ...
[23-Feb-2024 16:37:31] NOTICE: exiting, bye-bye!
[25-Feb-2024 16:41:35] NOTICE: fpm is running, pid 29941
[25-Feb-2024 16:41:35] NOTICE: ready to handle connections
[25-Feb-2024 19:33:58] NOTICE: Terminating ...
[25-Feb-2024 19:33:58] NOTICE: Terminating ...
[25-Feb-2024 19:33:58] NOTICE: exiting, bye-bye!
[26-Feb-2024 07:43:33] NOTICE: fpm is running, pid 1297
[26-Feb-2024 07:43:33] NOTICE: ready to handle connections
[26-Feb-2024 10:22:12] NOTICE: Terminating ...
[26-Feb-2024 10:22:12] NOTICE: Terminating ...
[26-Feb-2024 10:22:12] NOTICE: exiting, bye-bye!
[26-Feb-2024 12:50:51] NOTICE: fpm is running, pid 5978
[26-Feb-2024 12:50:51] NOTICE: ready to handle connections
[26-Feb-2024 17:34:41] NOTICE: Terminating ...
[26-Feb-2024 17:34:41] NOTICE: Terminating ...
[26-Feb-2024 17:34:41] NOTICE: exiting, bye-bye!
[27-Feb-2024 08:18:57] NOTICE: fpm is running, pid 2225
[27-Feb-2024 08:18:57] NOTICE: ready to handle connections
[28-Feb-2024 11:31:52] NOTICE: Terminating ...
[28-Feb-2024 11:31:52] NOTICE: Terminating ...
[28-Feb-2024 11:31:52] NOTICE: exiting, bye-bye!
[28-Feb-2024 11:33:07] NOTICE: fpm is running, pid 29458
[28-Feb-2024 11:33:07] NOTICE: ready to handle connections
[28-Feb-2024 13:18:54] NOTICE: Terminating ...
[28-Feb-2024 13:18:54] NOTICE: Terminating ...
[28-Feb-2024 13:18:54] NOTICE: exiting, bye-bye!
[28-Feb-2024 15:43:44] NOTICE: fpm is running, pid 31524
[28-Feb-2024 15:43:44] NOTICE: ready to handle connections
[04-Mar-2024 09:53:49] NOTICE: Terminating ...
[04-Mar-2024 09:53:49] NOTICE: Terminating ...
[04-Mar-2024 09:53:49] NOTICE: exiting, bye-bye!
