AH00558: httpd: Could not reliably determine the server's fully qualified domain name, using Joshuas-MacBook-Pro.local. Set the 'ServerName' directive globally to suppress this message
[Fri Feb 02 16:50:20.599842 2024] [mpm_event:notice] [pid 4536:tid 8607797824] AH00489: Apache/2.4.43 (Unix) configured -- resuming normal operations
[Fri Feb 02 16:50:20.600235 2024] [core:notice] [pid 4536:tid 8607797824] AH00094: Command line: '/Users/joshua/Library/Application Support/Local/lightning-services/apache-2.4.43+8/bin/darwin/bin/httpd -D FOREGROUND -f /Users/joshua/Library/Application Support/Local/run/BOUA6vN6Y/conf/apache/apache2.conf'
[Fri Feb 02 17:18:35.675627 2024] [mpm_event:notice] [pid 4536:tid 8607797824] AH00491: caught SIGTERM, shutting down
AH00558: httpd: Could not reliably determine the server's fully qualified domain name, using Joshuas-MacBook-Pro.local. Set the 'ServerName' directive globally to suppress this message
[Wed Feb 07 16:32:46.047058 2024] [mpm_event:notice] [pid 79983:tid 8604299840] AH00489: Apache/2.4.43 (Unix) configured -- resuming normal operations
[Wed Feb 07 16:32:46.048062 2024] [core:notice] [pid 79983:tid 8604299840] AH00094: Command line: '/Users/joshua/Library/Application Support/Local/lightning-services/apache-2.4.43+8/bin/darwin/bin/httpd -D FOREGROUND -f /Users/joshua/Library/Application Support/Local/run/BOUA6vN6Y/conf/apache/apache2.conf'
[Wed Feb 07 19:36:31.080971 2024] [mpm_event:notice] [pid 79983:tid 8604299840] AH00491: caught SIGTERM, shutting down
AH00558: httpd: Could not reliably determine the server's fully qualified domain name, using Joshuas-MacBook-Pro.local. Set the 'ServerName' directive globally to suppress this message
[Thu Feb 08 09:00:36.837974 2024] [mpm_event:notice] [pid 1717:tid 8600851008] AH00489: Apache/2.4.43 (Unix) configured -- resuming normal operations
[Thu Feb 08 09:00:36.838536 2024] [core:notice] [pid 1717:tid 8600851008] AH00094: Command line: '/Users/joshua/Library/Application Support/Local/lightning-services/apache-2.4.43+8/bin/darwin/bin/httpd -D FOREGROUND -f /Users/joshua/Library/Application Support/Local/run/BOUA6vN6Y/conf/apache/apache2.conf'
[Thu Feb 08 10:45:46.256591 2024] [mpm_event:notice] [pid 1717:tid 8600851008] AH00491: caught SIGTERM, shutting down
AH00558: httpd: Could not reliably determine the server's fully qualified domain name, using Joshuas-MacBook-Pro.local. Set the 'ServerName' directive globally to suppress this message
[Thu Feb 08 15:37:17.481957 2024] [mpm_event:notice] [pid 8471:tid 8603525696] AH00489: Apache/2.4.43 (Unix) configured -- resuming normal operations
[Thu Feb 08 15:37:17.482464 2024] [core:notice] [pid 8471:tid 8603525696] AH00094: Command line: '/Users/joshua/Library/Application Support/Local/lightning-services/apache-2.4.43+8/bin/darwin/bin/httpd -D FOREGROUND -f /Users/joshua/Library/Application Support/Local/run/BOUA6vN6Y/conf/apache/apache2.conf'
[Thu Feb 08 20:12:32.903020 2024] [mpm_event:notice] [pid 8471:tid 8603525696] AH00491: caught SIGTERM, shutting down
AH00558: httpd: Could not reliably determine the server's fully qualified domain name, using Joshuas-MacBook-Pro.local. Set the 'ServerName' directive globally to suppress this message
[Mon Feb 12 10:37:50.184069 2024] [mpm_event:notice] [pid 21334:tid 8607965760] AH00489: Apache/2.4.43 (Unix) configured -- resuming normal operations
[Mon Feb 12 10:37:50.186239 2024] [core:notice] [pid 21334:tid 8607965760] AH00094: Command line: '/Users/joshua/Library/Application Support/Local/lightning-services/apache-2.4.43+8/bin/darwin/bin/httpd -D FOREGROUND -f /Users/joshua/Library/Application Support/Local/run/BOUA6vN6Y/conf/apache/apache2.conf'
[Mon Feb 12 13:58:23.337839 2024] [mpm_event:notice] [pid 21334:tid 8607965760] AH00491: caught SIGTERM, shutting down
AH00558: httpd: Could not reliably determine the server's fully qualified domain name, using Joshuas-MacBook-Pro.local. Set the 'ServerName' directive globally to suppress this message
[Tue Feb 13 11:45:25.813377 2024] [mpm_event:notice] [pid 31502:tid 8668107328] AH00489: Apache/2.4.43 (Unix) configured -- resuming normal operations
[Tue Feb 13 11:45:25.813811 2024] [core:notice] [pid 31502:tid 8668107328] AH00094: Command line: '/Users/joshua/Library/Application Support/Local/lightning-services/apache-2.4.43+8/bin/darwin/bin/httpd -D FOREGROUND -f /Users/joshua/Library/Application Support/Local/run/BOUA6vN6Y/conf/apache/apache2.conf'
[Wed Feb 14 00:01:46.137497 2024] [mpm_event:notice] [pid 31502:tid 8668107328] AH00491: caught SIGTERM, shutting down
AH00558: httpd: Could not reliably determine the server's fully qualified domain name, using Joshuas-MacBook-Pro.local. Set the 'ServerName' directive globally to suppress this message
[Mon Feb 19 08:19:20.151399 2024] [mpm_event:notice] [pid 2021:tid 8674529856] AH00489: Apache/2.4.43 (Unix) configured -- resuming normal operations
[Mon Feb 19 08:19:20.155276 2024] [core:notice] [pid 2021:tid 8674529856] AH00094: Command line: '/Users/joshua/Library/Application Support/Local/lightning-services/apache-2.4.43+8/bin/darwin/bin/httpd -D FOREGROUND -f /Users/joshua/Library/Application Support/Local/run/BOUA6vN6Y/conf/apache/apache2.conf'
[Mon Feb 19 12:53:20.047894 2024] [mpm_event:notice] [pid 2021:tid 8674529856] AH00491: caught SIGTERM, shutting down
AH00558: httpd: Could not reliably determine the server's fully qualified domain name, using Joshuas-MacBook-Pro.local. Set the 'ServerName' directive globally to suppress this message
[Tue Feb 20 10:51:58.388626 2024] [mpm_event:notice] [pid 2883:tid 8596464192] AH00489: Apache/2.4.43 (Unix) configured -- resuming normal operations
[Tue Feb 20 10:51:58.389241 2024] [core:notice] [pid 2883:tid 8596464192] AH00094: Command line: '/Users/joshua/Library/Application Support/Local/lightning-services/apache-2.4.43+8/bin/darwin/bin/httpd -D FOREGROUND -f /Users/joshua/Library/Application Support/Local/run/BOUA6vN6Y/conf/apache/apache2.conf'
[Tue Feb 20 20:12:43.134797 2024] [mpm_event:notice] [pid 2883:tid 8596464192] AH00491: caught SIGTERM, shutting down
AH00558: httpd: Could not reliably determine the server's fully qualified domain name, using Joshuas-MacBook-Pro.local. Set the 'ServerName' directive globally to suppress this message
[Wed Feb 21 08:05:24.629693 2024] [mpm_event:notice] [pid 1739:tid 8669282880] AH00489: Apache/2.4.43 (Unix) configured -- resuming normal operations
[Wed Feb 21 08:05:24.630340 2024] [core:notice] [pid 1739:tid 8669282880] AH00094: Command line: '/Users/joshua/Library/Application Support/Local/lightning-services/apache-2.4.43+8/bin/darwin/bin/httpd -D FOREGROUND -f /Users/joshua/Library/Application Support/Local/run/BOUA6vN6Y/conf/apache/apache2.conf'
[Wed Feb 21 17:12:37.986382 2024] [mpm_event:notice] [pid 1739:tid 8669282880] AH00491: caught SIGTERM, shutting down
AH00558: httpd: Could not reliably determine the server's fully qualified domain name, using Joshuas-MacBook-Pro.local. Set the 'ServerName' directive globally to suppress this message
[Thu Feb 22 08:20:29.766814 2024] [mpm_event:notice] [pid 2055:tid 8671601216] AH00489: Apache/2.4.43 (Unix) configured -- resuming normal operations
[Thu Feb 22 08:20:29.767824 2024] [core:notice] [pid 2055:tid 8671601216] AH00094: Command line: '/Users/joshua/Library/Application Support/Local/lightning-services/apache-2.4.43+8/bin/darwin/bin/httpd -D FOREGROUND -f /Users/joshua/Library/Application Support/Local/run/BOUA6vN6Y/conf/apache/apache2.conf'
[Thu Feb 22 14:40:58.300560 2024] [mpm_event:notice] [pid 2055:tid 8671601216] AH00491: caught SIGTERM, shutting down
AH00558: httpd: Could not reliably determine the server's fully qualified domain name, using Joshuas-MacBook-Pro.local. Set the 'ServerName' directive globally to suppress this message
[Thu Feb 22 14:53:02.729619 2024] [mpm_event:notice] [pid 5830:tid 8603832896] AH00489: Apache/2.4.43 (Unix) configured -- resuming normal operations
[Thu Feb 22 14:53:02.730100 2024] [core:notice] [pid 5830:tid 8603832896] AH00094: Command line: '/Users/joshua/Library/Application Support/Local/lightning-services/apache-2.4.43+8/bin/darwin/bin/httpd -D FOREGROUND -f /Users/joshua/Library/Application Support/Local/run/BOUA6vN6Y/conf/apache/apache2.conf'
[Thu Feb 22 14:57:18.995153 2024] [mpm_event:notice] [pid 5830:tid 8603832896] AH00491: caught SIGTERM, shutting down
AH00558: httpd: Could not reliably determine the server's fully qualified domain name, using Joshuas-MacBook-Pro.local. Set the 'ServerName' directive globally to suppress this message
[Thu Feb 22 17:00:50.998278 2024] [mpm_event:notice] [pid 8290:tid 8597631552] AH00489: Apache/2.4.43 (Unix) configured -- resuming normal operations
[Thu Feb 22 17:00:50.998702 2024] [core:notice] [pid 8290:tid 8597631552] AH00094: Command line: '/Users/joshua/Library/Application Support/Local/lightning-services/apache-2.4.43+8/bin/darwin/bin/httpd -D FOREGROUND -f /Users/joshua/Library/Application Support/Local/run/BOUA6vN6Y/conf/apache/apache2.conf'
[Fri Feb 23 10:43:37.794453 2024] [mpm_event:notice] [pid 8290:tid 8597631552] AH00491: caught SIGTERM, shutting down
AH00558: httpd: Could not reliably determine the server's fully qualified domain name, using Joshuas-MacBook-Pro.local. Set the 'ServerName' directive globally to suppress this message
[Fri Feb 23 14:44:22.544735 2024] [mpm_event:notice] [pid 17754:tid 8628576832] AH00489: Apache/2.4.43 (Unix) configured -- resuming normal operations
[Fri Feb 23 14:44:22.545295 2024] [core:notice] [pid 17754:tid 8628576832] AH00094: Command line: '/Users/joshua/Library/Application Support/Local/lightning-services/apache-2.4.43+8/bin/darwin/bin/httpd -D FOREGROUND -f /Users/joshua/Library/Application Support/Local/run/BOUA6vN6Y/conf/apache/apache2.conf'
[Fri Feb 23 16:37:31.464759 2024] [mpm_event:notice] [pid 17754:tid 8628576832] AH00491: caught SIGTERM, shutting down
AH00558: httpd: Could not reliably determine the server's fully qualified domain name, using Joshuas-MacBook-Pro.local. Set the 'ServerName' directive globally to suppress this message
[Sun Feb 25 16:41:36.853646 2024] [mpm_event:notice] [pid 29943:tid 8665588288] AH00489: Apache/2.4.43 (Unix) configured -- resuming normal operations
[Sun Feb 25 16:41:36.854292 2024] [core:notice] [pid 29943:tid 8665588288] AH00094: Command line: '/Users/joshua/Library/Application Support/Local/lightning-services/apache-2.4.43+8/bin/darwin/bin/httpd -D FOREGROUND -f /Users/joshua/Library/Application Support/Local/run/BOUA6vN6Y/conf/apache/apache2.conf'
[Sun Feb 25 19:33:58.033566 2024] [mpm_event:notice] [pid 29943:tid 8665588288] AH00491: caught SIGTERM, shutting down
AH00558: httpd: Could not reliably determine the server's fully qualified domain name, using Joshuas-MacBook-Pro.local. Set the 'ServerName' directive globally to suppress this message
[Mon Feb 26 07:43:34.315739 2024] [mpm_event:notice] [pid 1299:tid 8671146560] AH00489: Apache/2.4.43 (Unix) configured -- resuming normal operations
[Mon Feb 26 07:43:34.318720 2024] [core:notice] [pid 1299:tid 8671146560] AH00094: Command line: '/Users/joshua/Library/Application Support/Local/lightning-services/apache-2.4.43+8/bin/darwin/bin/httpd -D FOREGROUND -f /Users/joshua/Library/Application Support/Local/run/BOUA6vN6Y/conf/apache/apache2.conf'
[Mon Feb 26 10:22:12.840644 2024] [mpm_event:notice] [pid 1299:tid 8671146560] AH00491: caught SIGTERM, shutting down
AH00558: httpd: Could not reliably determine the server's fully qualified domain name, using Joshuas-MacBook-Pro.local. Set the 'ServerName' directive globally to suppress this message
[Mon Feb 26 12:50:52.400212 2024] [mpm_event:notice] [pid 5980:tid 8631734848] AH00489: Apache/2.4.43 (Unix) configured -- resuming normal operations
[Mon Feb 26 12:50:52.401194 2024] [core:notice] [pid 5980:tid 8631734848] AH00094: Command line: '/Users/joshua/Library/Application Support/Local/lightning-services/apache-2.4.43+8/bin/darwin/bin/httpd -D FOREGROUND -f /Users/joshua/Library/Application Support/Local/run/BOUA6vN6Y/conf/apache/apache2.conf'
[Mon Feb 26 17:34:41.220950 2024] [mpm_event:notice] [pid 5980:tid 8631734848] AH00491: caught SIGTERM, shutting down
AH00558: httpd: Could not reliably determine the server's fully qualified domain name, using Joshuas-MacBook-Pro.local. Set the 'ServerName' directive globally to suppress this message
[Tue Feb 27 08:18:58.192767 2024] [mpm_event:notice] [pid 2227:tid 8597377600] AH00489: Apache/2.4.43 (Unix) configured -- resuming normal operations
[Tue Feb 27 08:18:58.196041 2024] [core:notice] [pid 2227:tid 8597377600] AH00094: Command line: '/Users/joshua/Library/Application Support/Local/lightning-services/apache-2.4.43+8/bin/darwin/bin/httpd -D FOREGROUND -f /Users/joshua/Library/Application Support/Local/run/BOUA6vN6Y/conf/apache/apache2.conf'
[Wed Feb 28 11:31:52.317393 2024] [mpm_event:notice] [pid 2227:tid 8597377600] AH00491: caught SIGTERM, shutting down
AH00558: httpd: Could not reliably determine the server's fully qualified domain name, using Joshuas-MacBook-Pro.local. Set the 'ServerName' directive globally to suppress this message
[Wed Feb 28 11:33:06.609040 2024] [mpm_event:notice] [pid 29460:tid 8629158464] AH00489: Apache/2.4.43 (Unix) configured -- resuming normal operations
[Wed Feb 28 11:33:06.609567 2024] [core:notice] [pid 29460:tid 8629158464] AH00094: Command line: '/Users/joshua/Library/Application Support/Local/lightning-services/apache-2.4.43+8/bin/darwin/bin/httpd -D FOREGROUND -f /Users/joshua/Library/Application Support/Local/run/BOUA6vN6Y/conf/apache/apache2.conf'
[Wed Feb 28 13:18:54.484294 2024] [mpm_event:notice] [pid 29460:tid 8629158464] AH00491: caught SIGTERM, shutting down
AH00558: httpd: Could not reliably determine the server's fully qualified domain name, using Joshuas-MacBook-Pro.local. Set the 'ServerName' directive globally to suppress this message
[Wed Feb 28 15:43:44.947666 2024] [mpm_event:notice] [pid 31526:tid 8640258624] AH00489: Apache/2.4.43 (Unix) configured -- resuming normal operations
[Wed Feb 28 15:43:44.948250 2024] [core:notice] [pid 31526:tid 8640258624] AH00094: Command line: '/Users/joshua/Library/Application Support/Local/lightning-services/apache-2.4.43+8/bin/darwin/bin/httpd -D FOREGROUND -f /Users/joshua/Library/Application Support/Local/run/BOUA6vN6Y/conf/apache/apache2.conf'
[Mon Mar 04 09:53:49.542254 2024] [mpm_event:notice] [pid 31526:tid 8640258624] AH00491: caught SIGTERM, shutting down
